<?xml version="1.0" encoding="UTF-8"?>
<!-- Generated by org.testng.reporters.JUnitReportReporter -->
<testsuite skipped="0" hostname="LAPTOP-ERF5AP4R" name="restassuredtestcases.Testcase1" tests="3" failures="0" timestamp="31 May 2021 09:28:22 GMT" time="1.686" errors="0">
  <testcase name="datasourceexample" time="0.043" classname="restassuredtestcases.Testcase1"/>
  <testcase name="datasourceexample" time="0.061" classname="restassuredtestcases.Testcase1"/>
  <testcase name="datasourceexample" time="1.582" classname="restassuredtestcases.Testcase1"/>
</testsuite> <!-- restassuredtestcases.Testcase1 -->
