<?xml version="1.0" encoding="UTF-8"?>
<!-- Generated by org.testng.reporters.JUnitReportReporter -->
<testsuite skipped="0" hostname="LAPTOP-ERF5AP4R" name="restassuredtestcases.Testcase2" tests="1" failures="0" timestamp="31 May 2021 07:57:03 GMT" time="4.441" errors="0">
  <testcase name="soapexample" time="4.441" classname="restassuredtestcases.Testcase2"/>
</testsuite> <!-- restassuredtestcases.Testcase2 -->
